
----------------------------------------------------------------------------
--                            File Generation                             --
----------------------------------------------------------------------------
No ProjNavigator support files will be generated at this time ...
No XST project files will be generated at this time ...
Start Creating drver source 

----------------------------------------------------------------------------
--                              Final Report                              --
----------------------------------------------------------------------------
Thank you for using Create and Import Peripheral Wizard!

Peripheral summary

  top name       : fft_128_v8_stream
  version        : 1.00.a
  type           : AXI4STREAM master slave
  features       : 

File Summary

  - HDL source -
C:\Users\waterpump\Documents\ESD_Project\Final_demo\pcores\fft_128_v8_stream_v1_
00_a\hdl\vhdl
  top level      : fft_128_v8_stream.vhd

  - Misc file -
C:\Users\waterpump\Documents\ESD_Project\Final_demo\pcores\fft_128_v8_stream_v1_
00_a\devl
  help           : README.txt
  option         : ipwiz.opt
  log            : ipwiz.log


